<?xml version="1.0" encoding="UTF-8"?>
<coverage generated="1514460752564" clover="3.2.0">
  <project timestamp="1514460752564" name="All files">
    <metrics statements="102" coveredstatements="24" conditionals="73" coveredconditionals="3" methods="26" coveredmethods="6" elements="201" coveredelements="33" complexity="0" loc="102" ncloc="102" packages="2" files="3" classes="3">
      <package name="chartify">
        <metrics statements="3" coveredstatements="2" conditionals="0" coveredconditionals="0" methods="0" coveredmethods="0"/>
        <file name="assetsTransformer.js" path="/Users/kirillstyopkin/proj/chartify/assetsTransformer.js">
          <metrics statements="3" coveredstatements="2" conditionals="0" coveredconditionals="0" methods="0" coveredmethods="0"/>
          <line num="1" count="1" type="stmt"/>
          <line num="3" count="1" type="stmt"/>
          <line num="5" count="0" type="stmt"/>
        </file>
      </package>
      <package name="chartify.src">
        <metrics statements="99" coveredstatements="22" conditionals="73" coveredconditionals="3" methods="26" coveredmethods="6"/>
        <file name="Chartify.js" path="/Users/kirillstyopkin/proj/chartify/src/Chartify.js">
          <metrics statements="41" coveredstatements="22" conditionals="46" coveredconditionals="3" methods="14" coveredmethods="6"/>
          <line num="16" count="0" type="stmt"/>
          <line num="24" count="0" type="stmt"/>
          <line num="26" count="0" type="stmt"/>
          <line num="28" count="0" type="stmt"/>
          <line num="29" count="0" type="cond" truecount="0" falsecount="2"/>
          <line num="31" count="0" type="stmt"/>
          <line num="34" count="0" type="cond" truecount="0" falsecount="2"/>
          <line num="37" count="0" type="stmt"/>
          <line num="39" count="0" type="cond" truecount="0" falsecount="2"/>
          <line num="42" count="0" type="stmt"/>
          <line num="55" count="0" type="cond" truecount="0" falsecount="2"/>
          <line num="56" count="0" type="cond" truecount="0" falsecount="2"/>
          <line num="57" count="1" type="cond" truecount="0" falsecount="2"/>
          <line num="61" count="1" type="cond" truecount="0" falsecount="3"/>
          <line num="63" count="1" type="stmt"/>
          <line num="73" count="1" type="cond" truecount="0" falsecount="4"/>
          <line num="79" count="10" type="stmt"/>
          <line num="80" count="1" type="cond" truecount="0" falsecount="2"/>
          <line num="84" count="10" type="stmt"/>
          <line num="93" count="1" type="stmt"/>
          <line num="97" count="0" type="stmt"/>
          <line num="107" count="0" type="cond" truecount="0" falsecount="1"/>
          <line num="108" count="0" type="stmt"/>
          <line num="109" count="0" type="stmt"/>
          <line num="110" count="0" type="stmt"/>
          <line num="111" count="0" type="stmt"/>
          <line num="113" count="0" type="stmt"/>
          <line num="122" count="1" type="stmt"/>
          <line num="123" count="1" type="cond" truecount="1" falsecount="1"/>
          <line num="124" count="1" type="stmt"/>
          <line num="128" count="1" type="stmt"/>
          <line num="132" count="10" type="stmt"/>
          <line num="144" count="1" type="cond" truecount="0" falsecount="1"/>
          <line num="145" count="1" type="cond" truecount="0" falsecount="2"/>
          <line num="147" count="1" type="stmt"/>
          <line num="148" count="1" type="stmt"/>
          <line num="150" count="1" type="stmt"/>
          <line num="152" count="1" type="stmt"/>
          <line num="155" count="10" type="stmt"/>
          <line num="160" count="1" type="stmt"/>
          <line num="162" count="1" type="stmt"/>
        </file>
        <file name="Draggable.js" path="/Users/kirillstyopkin/proj/chartify/src/Draggable.js">
          <metrics statements="58" coveredstatements="0" conditionals="27" coveredconditionals="0" methods="12" coveredmethods="0"/>
          <line num="8" count="0" type="cond" truecount="0" falsecount="1"/>
          <line num="9" count="0" type="stmt"/>
          <line num="11" count="0" type="stmt"/>
          <line num="17" count="0" type="stmt"/>
          <line num="19" count="0" type="stmt"/>
          <line num="21" count="0" type="stmt"/>
          <line num="22" count="0" type="stmt"/>
          <line num="23" count="0" type="cond" truecount="0" falsecount="2"/>
          <line num="27" count="0" type="stmt"/>
          <line num="28" count="0" type="stmt"/>
          <line num="30" count="0" type="cond" truecount="0" falsecount="2"/>
          <line num="31" count="0" type="stmt"/>
          <line num="33" count="0" type="stmt"/>
          <line num="34" count="0" type="stmt"/>
          <line num="35" count="0" type="stmt"/>
          <line num="38" count="0" type="stmt"/>
          <line num="42" count="0" type="stmt"/>
          <line num="44" count="0" type="cond" truecount="0" falsecount="2"/>
          <line num="45" count="0" type="cond" truecount="0" falsecount="5"/>
          <line num="46" count="0" type="stmt"/>
          <line num="48" count="0" type="stmt"/>
          <line num="49" count="0" type="stmt"/>
          <line num="51" count="0" type="cond" truecount="0" falsecount="2"/>
          <line num="52" count="0" type="cond" truecount="0" falsecount="2"/>
          <line num="54" count="0" type="stmt"/>
          <line num="55" count="0" type="stmt"/>
          <line num="56" count="0" type="stmt"/>
          <line num="57" count="0" type="stmt"/>
          <line num="61" count="0" type="stmt"/>
          <line num="65" count="0" type="stmt"/>
          <line num="66" count="0" type="stmt"/>
          <line num="68" count="0" type="stmt"/>
          <line num="69" count="0" type="stmt"/>
          <line num="71" count="0" type="stmt"/>
          <line num="83" count="0" type="stmt"/>
          <line num="92" count="0" type="cond" truecount="0" falsecount="1"/>
          <line num="93" count="0" type="cond" truecount="0" falsecount="1"/>
          <line num="94" count="0" type="stmt"/>
          <line num="96" count="0" type="stmt"/>
          <line num="97" count="0" type="cond" truecount="0" falsecount="2"/>
          <line num="100" count="0" type="stmt"/>
          <line num="101" count="0" type="stmt"/>
          <line num="103" count="0" type="stmt"/>
          <line num="107" count="0" type="cond" truecount="0" falsecount="2"/>
          <line num="118" count="0" type="cond" truecount="0" falsecount="1"/>
          <line num="119" count="0" type="cond" truecount="0" falsecount="1"/>
          <line num="121" count="0" type="stmt"/>
          <line num="122" count="0" type="stmt"/>
          <line num="124" count="0" type="stmt"/>
          <line num="126" count="0" type="stmt"/>
          <line num="127" count="0" type="stmt"/>
          <line num="128" count="0" type="stmt"/>
          <line num="130" count="0" type="stmt"/>
          <line num="139" count="0" type="cond" truecount="0" falsecount="1"/>
          <line num="140" count="0" type="stmt"/>
          <line num="141" count="0" type="stmt"/>
          <line num="142" count="0" type="cond" truecount="0" falsecount="2"/>
          <line num="144" count="0" type="stmt"/>
        </file>
      </package>
    </metrics>
  </project>
</coverage>
