{"/Users/kirillstyopkin/proj/chartify/assetsTransformer.js": {"path":"/Users/kirillstyopkin/proj/chartify/assetsTransformer.js","statementMap":{"0":{"start":{"line":1,"column":13},"end":{"line":1,"column":28}},"1":{"start":{"line":3,"column":0},"end":{"line":7,"column":2}},"2":{"start":{"line":5,"column":4},"end":{"line":5,"column":79}}},"fnMap":{},"branchMap":{},"s":{"0":1,"1":1,"2":0},"f":{},"b":{},"_coverageSchema":"332fd63041d2c1bcb487cc26dd0d5f7d97098a6c","hash":"32973af9a2d49cc8a85a7ed19cd6d5af2ccd294a"}
,"/Users/kirillstyopkin/proj/chartify/src/Chartify.js": {"path":"/Users/kirillstyopkin/proj/chartify/src/Chartify.js","statementMap":{"0":{"start":{"line":16,"column":19},"end":{"line":16,"column":29}},"1":{"start":{"line":24,"column":8},"end":{"line":24,"column":25}},"2":{"start":{"line":26,"column":17},"end":{"line":26,"column":50}},"3":{"start":{"line":28,"column":4},"end":{"line":28,"column":66}},"4":{"start":{"line":29,"column":4},"end":{"line":29,"column":69}},"5":{"start":{"line":31,"column":4},"end":{"line":51,"column":6}},"6":{"start":{"line":34,"column":28},"end":{"line":36,"column":50}},"7":{"start":{"line":37,"column":27},"end":{"line":37,"column":73}},"8":{"start":{"line":39,"column":12},"end":{"line":40,"column":37}},"9":{"start":{"line":42,"column":10},"end":{"line":48,"column":12}},"10":{"start":{"line":55,"column":4},"end":{"line":55,"column":69}},"11":{"start":{"line":55,"column":49},"end":{"line":55,"column":69}},"12":{"start":{"line":56,"column":4},"end":{"line":56,"column":71}},"13":{"start":{"line":56,"column":50},"end":{"line":56,"column":71}},"14":{"start":{"line":57,"column":4},"end":{"line":57,"column":71}},"15":{"start":{"line":57,"column":49},"end":{"line":57,"column":71}},"16":{"start":{"line":61,"column":62},"end":{"line":61,"column":68}},"17":{"start":{"line":63,"column":4},"end":{"line":69,"column":6}},"18":{"start":{"line":73,"column":4},"end":{"line":75,"column":22}},"19":{"start":{"line":79,"column":19},"end":{"line":79,"column":29}},"20":{"start":{"line":80,"column":20},"end":{"line":82,"column":12}},"21":{"start":{"line":84,"column":4},"end":{"line":89,"column":6}},"22":{"start":{"line":93,"column":23},"end":{"line":95,"column":5}},"23":{"start":{"line":97,"column":4},"end":{"line":103,"column":6}},"24":{"start":{"line":107,"column":30},"end":{"line":107,"column":47}},"25":{"start":{"line":108,"column":15},"end":{"line":108,"column":23}},"26":{"start":{"line":109,"column":15},"end":{"line":109,"column":58}},"27":{"start":{"line":110,"column":15},"end":{"line":110,"column":33}},"28":{"start":{"line":111,"column":17},"end":{"line":111,"column":66}},"29":{"start":{"line":113,"column":4},"end":{"line":118,"column":6}},"30":{"start":{"line":122,"column":17},"end":{"line":122,"column":64}},"31":{"start":{"line":123,"column":4},"end":{"line":123,"column":49}},"32":{"start":{"line":123,"column":32},"end":{"line":123,"column":49}},"33":{"start":{"line":124,"column":4},"end":{"line":124,"column":18}},"34":{"start":{"line":128,"column":4},"end":{"line":140,"column":6}},"35":{"start":{"line":132,"column":12},"end":{"line":136,"column":14}},"36":{"start":{"line":144,"column":24},"end":{"line":144,"column":34}},"37":{"start":{"line":145,"column":45},"end":{"line":145,"column":62}},"38":{"start":{"line":147,"column":22},"end":{"line":149,"column":6}},"39":{"start":{"line":148,"column":6},"end":{"line":148,"column":24}},"40":{"start":{"line":150,"column":19},"end":{"line":150,"column":38}},"41":{"start":{"line":152,"column":16},"end":{"line":158,"column":8}},"42":{"start":{"line":155,"column":8},"end":{"line":157,"column":10}},"43":{"start":{"line":160,"column":23},"end":{"line":160,"column":73}},"44":{"start":{"line":162,"column":4},"end":{"line":173,"column":6}}},"fnMap":{"0":{"name":"(anonymous_0)","decl":{"start":{"line":15,"column":2},"end":{"line":15,"column":3}},"loc":{"start":{"line":15,"column":67},"end":{"line":52,"column":3}},"line":15},"1":{"name":"(anonymous_1)","decl":{"start":{"line":33,"column":17},"end":{"line":33,"column":18}},"loc":{"start":{"line":33,"column":22},"end":{"line":49,"column":9}},"line":33},"2":{"name":"(anonymous_2)","decl":{"start":{"line":54,"column":2},"end":{"line":54,"column":3}},"loc":{"start":{"line":54,"column":56},"end":{"line":58,"column":3}},"line":54},"3":{"name":"(anonymous_3)","decl":{"start":{"line":60,"column":2},"end":{"line":60,"column":3}},"loc":{"start":{"line":60,"column":28},"end":{"line":70,"column":3}},"line":60},"4":{"name":"(anonymous_4)","decl":{"start":{"line":72,"column":2},"end":{"line":72,"column":3}},"loc":{"start":{"line":72,"column":69},"end":{"line":76,"column":3}},"line":72},"5":{"name":"(anonymous_5)","decl":{"start":{"line":78,"column":2},"end":{"line":78,"column":3}},"loc":{"start":{"line":78,"column":66},"end":{"line":90,"column":3}},"line":78},"6":{"name":"(anonymous_6)","decl":{"start":{"line":92,"column":2},"end":{"line":92,"column":3}},"loc":{"start":{"line":92,"column":28},"end":{"line":104,"column":3}},"line":92},"7":{"name":"(anonymous_7)","decl":{"start":{"line":106,"column":2},"end":{"line":106,"column":3}},"loc":{"start":{"line":106,"column":56},"end":{"line":119,"column":3}},"line":106},"8":{"name":"(anonymous_8)","decl":{"start":{"line":121,"column":2},"end":{"line":121,"column":3}},"loc":{"start":{"line":121,"column":79},"end":{"line":125,"column":3}},"line":121},"9":{"name":"(anonymous_9)","decl":{"start":{"line":127,"column":2},"end":{"line":127,"column":3}},"loc":{"start":{"line":127,"column":44},"end":{"line":141,"column":3}},"line":127},"10":{"name":"(anonymous_10)","decl":{"start":{"line":131,"column":19},"end":{"line":131,"column":20}},"loc":{"start":{"line":131,"column":24},"end":{"line":137,"column":11}},"line":131},"11":{"name":"(anonymous_11)","decl":{"start":{"line":143,"column":2},"end":{"line":143,"column":3}},"loc":{"start":{"line":143,"column":11},"end":{"line":174,"column":3}},"line":143},"12":{"name":"(anonymous_12)","decl":{"start":{"line":147,"column":45},"end":{"line":147,"column":46}},"loc":{"start":{"line":147,"column":51},"end":{"line":149,"column":5}},"line":147},"13":{"name":"(anonymous_13)","decl":{"start":{"line":154,"column":11},"end":{"line":154,"column":12}},"loc":{"start":{"line":154,"column":24},"end":{"line":158,"column":7}},"line":154}},"branchMap":{"0":{"loc":{"start":{"line":19,"column":6},"end":{"line":19,"column":17}},"type":"default-arg","locations":[{"start":{"line":19,"column":15},"end":{"line":19,"column":17}}],"line":19},"1":{"loc":{"start":{"line":20,"column":6},"end":{"line":20,"column":18}},"type":"default-arg","locations":[{"start":{"line":20,"column":13},"end":{"line":20,"column":18}}],"line":20},"2":{"loc":{"start":{"line":21,"column":6},"end":{"line":21,"column":23}},"type":"default-arg","locations":[{"start":{"line":21,"column":18},"end":{"line":21,"column":23}}],"line":21},"3":{"loc":{"start":{"line":22,"column":6},"end":{"line":22,"column":22}},"type":"default-arg","locations":[{"start":{"line":22,"column":17},"end":{"line":22,"column":22}}],"line":22},"4":{"loc":{"start":{"line":23,"column":6},"end":{"line":23,"column":19}},"type":"default-arg","locations":[{"start":{"line":23,"column":14},"end":{"line":23,"column":19}}],"line":23},"5":{"loc":{"start":{"line":29,"column":25},"end":{"line":29,"column":68}},"type":"cond-expr","locations":[{"start":{"line":29,"column":46},"end":{"line":29,"column":64}},{"start":{"line":29,"column":67},"end":{"line":29,"column":68}}],"line":29},"6":{"loc":{"start":{"line":34,"column":28},"end":{"line":36,"column":50}},"type":"cond-expr","locations":[{"start":{"line":35,"column":14},"end":{"line":35,"column":26}},{"start":{"line":36,"column":14},"end":{"line":36,"column":50}}],"line":34},"7":{"loc":{"start":{"line":39,"column":12},"end":{"line":40,"column":37}},"type":"binary-expr","locations":[{"start":{"line":39,"column":12},"end":{"line":39,"column":52}},{"start":{"line":40,"column":12},"end":{"line":40,"column":37}}],"line":39},"8":{"loc":{"start":{"line":44,"column":15},"end":{"line":46,"column":22}},"type":"cond-expr","locations":[{"start":{"line":45,"column":18},"end":{"line":45,"column":72}},{"start":{"line":46,"column":18},"end":{"line":46,"column":22}}],"line":44},"9":{"loc":{"start":{"line":45,"column":54},"end":{"line":45,"column":71}},"type":"binary-expr","locations":[{"start":{"line":45,"column":54},"end":{"line":45,"column":58}},{"start":{"line":45,"column":62},"end":{"line":45,"column":71}}],"line":45},"10":{"loc":{"start":{"line":55,"column":4},"end":{"line":55,"column":69}},"type":"if","locations":[{"start":{"line":55,"column":4},"end":{"line":55,"column":69}},{"start":{"line":55,"column":4},"end":{"line":55,"column":69}}],"line":55},"11":{"loc":{"start":{"line":56,"column":4},"end":{"line":56,"column":71}},"type":"if","locations":[{"start":{"line":56,"column":4},"end":{"line":56,"column":71}},{"start":{"line":56,"column":4},"end":{"line":56,"column":71}}],"line":56},"12":{"loc":{"start":{"line":57,"column":4},"end":{"line":57,"column":71}},"type":"if","locations":[{"start":{"line":57,"column":4},"end":{"line":57,"column":71}},{"start":{"line":57,"column":4},"end":{"line":57,"column":71}}],"line":57},"13":{"loc":{"start":{"line":61,"column":10},"end":{"line":61,"column":23}},"type":"default-arg","locations":[{"start":{"line":61,"column":21},"end":{"line":61,"column":23}}],"line":61},"14":{"loc":{"start":{"line":61,"column":25},"end":{"line":61,"column":39}},"type":"default-arg","locations":[{"start":{"line":61,"column":38},"end":{"line":61,"column":39}}],"line":61},"15":{"loc":{"start":{"line":61,"column":41},"end":{"line":61,"column":57}},"type":"default-arg","locations":[{"start":{"line":61,"column":52},"end":{"line":61,"column":57}}],"line":61},"16":{"loc":{"start":{"line":67,"column":17},"end":{"line":67,"column":79}},"type":"cond-expr","locations":[{"start":{"line":67,"column":29},"end":{"line":67,"column":42}},{"start":{"line":67,"column":45},"end":{"line":67,"column":79}}],"line":67},"17":{"loc":{"start":{"line":68,"column":18},"end":{"line":68,"column":80}},"type":"cond-expr","locations":[{"start":{"line":68,"column":30},"end":{"line":68,"column":43}},{"start":{"line":68,"column":46},"end":{"line":68,"column":80}}],"line":68},"18":{"loc":{"start":{"line":73,"column":11},"end":{"line":75,"column":21}},"type":"cond-expr","locations":[{"start":{"line":74,"column":8},"end":{"line":74,"column":55}},{"start":{"line":75,"column":8},"end":{"line":75,"column":21}}],"line":73},"19":{"loc":{"start":{"line":73,"column":11},"end":{"line":73,"column":49}},"type":"binary-expr","locations":[{"start":{"line":73,"column":11},"end":{"line":73,"column":40}},{"start":{"line":73,"column":44},"end":{"line":73,"column":49}}],"line":73},"20":{"loc":{"start":{"line":80,"column":20},"end":{"line":82,"column":12}},"type":"cond-expr","locations":[{"start":{"line":81,"column":8},"end":{"line":81,"column":80}},{"start":{"line":82,"column":8},"end":{"line":82,"column":12}}],"line":80},"21":{"loc":{"start":{"line":86,"column":9},"end":{"line":86,"column":69}},"type":"cond-expr","locations":[{"start":{"line":86,"column":20},"end":{"line":86,"column":62}},{"start":{"line":86,"column":65},"end":{"line":86,"column":69}}],"line":86},"22":{"loc":{"start":{"line":94,"column":11},"end":{"line":94,"column":75}},"type":"cond-expr","locations":[{"start":{"line":94,"column":63},"end":{"line":94,"column":71}},{"start":{"line":94,"column":74},"end":{"line":94,"column":75}}],"line":94},"23":{"loc":{"start":{"line":107,"column":12},"end":{"line":107,"column":25}},"type":"default-arg","locations":[{"start":{"line":107,"column":23},"end":{"line":107,"column":25}}],"line":107},"24":{"loc":{"start":{"line":123,"column":4},"end":{"line":123,"column":49}},"type":"if","locations":[{"start":{"line":123,"column":4},"end":{"line":123,"column":49}},{"start":{"line":123,"column":4},"end":{"line":123,"column":49}}],"line":123},"25":{"loc":{"start":{"line":134,"column":17},"end":{"line":134,"column":65}},"type":"cond-expr","locations":[{"start":{"line":134,"column":38},"end":{"line":134,"column":58}},{"start":{"line":134,"column":61},"end":{"line":134,"column":65}}],"line":134},"26":{"loc":{"start":{"line":144,"column":10},"end":{"line":144,"column":19}},"type":"default-arg","locations":[{"start":{"line":144,"column":17},"end":{"line":144,"column":19}}],"line":144},"27":{"loc":{"start":{"line":145,"column":10},"end":{"line":145,"column":21}},"type":"default-arg","locations":[{"start":{"line":145,"column":19},"end":{"line":145,"column":21}}],"line":145},"28":{"loc":{"start":{"line":145,"column":23},"end":{"line":145,"column":40}},"type":"default-arg","locations":[{"start":{"line":145,"column":31},"end":{"line":145,"column":40}}],"line":145}},"s":{"0":0,"1":0,"2":0,"3":0,"4":0,"5":0,"6":0,"7":0,"8":0,"9":0,"10":0,"11":0,"12":0,"13":0,"14":0,"15":1,"16":1,"17":1,"18":1,"19":10,"20":1,"21":10,"22":1,"23":0,"24":0,"25":0,"26":0,"27":0,"28":0,"29":0,"30":1,"31":1,"32":1,"33":1,"34":1,"35":10,"36":1,"37":1,"38":1,"39":1,"40":1,"41":1,"42":10,"43":1,"44":1},"f":{"0":0,"1":0,"2":0,"3":0,"4":0,"5":0,"6":0,"7":0,"8":2,"9":2,"10":20,"11":2,"12":2,"13":20},"b":{"0":[0],"1":[0],"2":[0],"3":[0],"4":[0],"5":[0,0],"6":[0,0],"7":[0,0],"8":[0,0],"9":[0,0],"10":[0,0],"11":[0,0],"12":[0,0],"13":[0],"14":[0],"15":[0],"16":[0,0],"17":[0,0],"18":[0,0],"19":[0,0],"20":[0,0],"21":[0,0],"22":[0,0],"23":[0],"24":[2,0],"25":[6,14],"26":[0],"27":[0],"28":[0]},"_coverageSchema":"332fd63041d2c1bcb487cc26dd0d5f7d97098a6c","hash":"8ac0241964b47baf9156bd128df27f3dfe4375ae"}
,"/Users/kirillstyopkin/proj/chartify/src/Draggable.js": {"path":"/Users/kirillstyopkin/proj/chartify/src/Draggable.js","statementMap":{"0":{"start":{"line":8,"column":24},"end":{"line":8,"column":34}},"1":{"start":{"line":9,"column":20},"end":{"line":9,"column":70}},"2":{"start":{"line":11,"column":4},"end":{"line":15,"column":6}},"3":{"start":{"line":17,"column":43},"end":{"line":17,"column":56}},"4":{"start":{"line":19,"column":4},"end":{"line":19,"column":51}},"5":{"start":{"line":21,"column":17},"end":{"line":21,"column":50}},"6":{"start":{"line":22,"column":4},"end":{"line":22,"column":49}},"7":{"start":{"line":23,"column":4},"end":{"line":23,"column":67}},"8":{"start":{"line":27,"column":4},"end":{"line":27,"column":25}},"9":{"start":{"line":28,"column":24},"end":{"line":28,"column":59}},"10":{"start":{"line":30,"column":4},"end":{"line":36,"column":5}},"11":{"start":{"line":31,"column":6},"end":{"line":31,"column":25}},"12":{"start":{"line":33,"column":15},"end":{"line":33,"column":29}},"13":{"start":{"line":34,"column":20},"end":{"line":34,"column":42}},"14":{"start":{"line":35,"column":6},"end":{"line":35,"column":42}},"15":{"start":{"line":38,"column":4},"end":{"line":38,"column":26}},"16":{"start":{"line":42,"column":63},"end":{"line":42,"column":76}},"17":{"start":{"line":44,"column":4},"end":{"line":44,"column":77}},"18":{"start":{"line":44,"column":29},"end":{"line":44,"column":77}},"19":{"start":{"line":45,"column":4},"end":{"line":46,"column":13}},"20":{"start":{"line":46,"column":6},"end":{"line":46,"column":13}},"21":{"start":{"line":48,"column":17},"end":{"line":48,"column":37}},"22":{"start":{"line":49,"column":19},"end":{"line":49,"column":42}},"23":{"start":{"line":51,"column":4},"end":{"line":51,"column":75}},"24":{"start":{"line":51,"column":48},"end":{"line":51,"column":75}},"25":{"start":{"line":52,"column":4},"end":{"line":52,"column":51}},"26":{"start":{"line":52,"column":38},"end":{"line":52,"column":51}},"27":{"start":{"line":54,"column":4},"end":{"line":54,"column":30}},"28":{"start":{"line":55,"column":17},"end":{"line":55,"column":44}},"29":{"start":{"line":56,"column":4},"end":{"line":56,"column":49}},"30":{"start":{"line":57,"column":4},"end":{"line":57,"column":49}},"31":{"start":{"line":61,"column":4},"end":{"line":61,"column":27}},"32":{"start":{"line":65,"column":23},"end":{"line":65,"column":40}},"33":{"start":{"line":66,"column":16},"end":{"line":68,"column":41}},"34":{"start":{"line":68,"column":25},"end":{"line":68,"column":39}},"35":{"start":{"line":69,"column":15},"end":{"line":69,"column":30}},"36":{"start":{"line":71,"column":4},"end":{"line":88,"column":6}},"37":{"start":{"line":83,"column":10},"end":{"line":85,"column":16}},"38":{"start":{"line":92,"column":30},"end":{"line":92,"column":47}},"39":{"start":{"line":93,"column":33},"end":{"line":93,"column":43}},"40":{"start":{"line":94,"column":24},"end":{"line":94,"column":25}},"41":{"start":{"line":96,"column":4},"end":{"line":98,"column":7}},"42":{"start":{"line":97,"column":6},"end":{"line":97,"column":74}},"43":{"start":{"line":100,"column":16},"end":{"line":100,"column":65}},"44":{"start":{"line":101,"column":16},"end":{"line":101,"column":39}},"45":{"start":{"line":103,"column":4},"end":{"line":114,"column":6}},"46":{"start":{"line":107,"column":12},"end":{"line":111,"column":20}},"47":{"start":{"line":118,"column":30},"end":{"line":118,"column":47}},"48":{"start":{"line":119,"column":33},"end":{"line":119,"column":43}},"49":{"start":{"line":121,"column":24},"end":{"line":121,"column":38}},"50":{"start":{"line":122,"column":22},"end":{"line":122,"column":34}},"51":{"start":{"line":124,"column":6},"end":{"line":124,"column":70}},"52":{"start":{"line":126,"column":6},"end":{"line":126,"column":70}},"53":{"start":{"line":127,"column":24},"end":{"line":127,"column":57}},"54":{"start":{"line":128,"column":24},"end":{"line":128,"column":66}},"55":{"start":{"line":130,"column":4},"end":{"line":135,"column":6}},"56":{"start":{"line":139,"column":30},"end":{"line":139,"column":47}},"57":{"start":{"line":140,"column":28},"end":{"line":140,"column":38}},"58":{"start":{"line":141,"column":16},"end":{"line":141,"column":39}},"59":{"start":{"line":142,"column":21},"end":{"line":142,"column":51}},"60":{"start":{"line":144,"column":4},"end":{"line":149,"column":6}}},"fnMap":{"0":{"name":"(anonymous_0)","decl":{"start":{"line":7,"column":2},"end":{"line":7,"column":3}},"loc":{"start":{"line":7,"column":22},"end":{"line":24,"column":3}},"line":7},"1":{"name":"(anonymous_1)","decl":{"start":{"line":26,"column":14},"end":{"line":26,"column":15}},"loc":{"start":{"line":26,"column":19},"end":{"line":39,"column":3}},"line":26},"2":{"name":"(anonymous_2)","decl":{"start":{"line":41,"column":16},"end":{"line":41,"column":17}},"loc":{"start":{"line":41,"column":21},"end":{"line":58,"column":3}},"line":41},"3":{"name":"(anonymous_3)","decl":{"start":{"line":60,"column":9},"end":{"line":60,"column":10}},"loc":{"start":{"line":60,"column":14},"end":{"line":62,"column":3}},"line":60},"4":{"name":"(anonymous_4)","decl":{"start":{"line":64,"column":2},"end":{"line":64,"column":3}},"loc":{"start":{"line":64,"column":26},"end":{"line":89,"column":3}},"line":64},"5":{"name":"(anonymous_5)","decl":{"start":{"line":68,"column":11},"end":{"line":68,"column":12}},"loc":{"start":{"line":68,"column":25},"end":{"line":68,"column":39}},"line":68},"6":{"name":"(anonymous_6)","decl":{"start":{"line":82,"column":29},"end":{"line":82,"column":30}},"loc":{"start":{"line":83,"column":10},"end":{"line":85,"column":16}},"line":83},"7":{"name":"(anonymous_7)","decl":{"start":{"line":91,"column":2},"end":{"line":91,"column":3}},"loc":{"start":{"line":91,"column":26},"end":{"line":115,"column":3}},"line":91},"8":{"name":"(anonymous_8)","decl":{"start":{"line":96,"column":18},"end":{"line":96,"column":19}},"loc":{"start":{"line":96,"column":37},"end":{"line":98,"column":5}},"line":96},"9":{"name":"(anonymous_9)","decl":{"start":{"line":106,"column":10},"end":{"line":106,"column":11}},"loc":{"start":{"line":107,"column":12},"end":{"line":111,"column":20}},"line":107},"10":{"name":"(anonymous_10)","decl":{"start":{"line":117,"column":2},"end":{"line":117,"column":3}},"loc":{"start":{"line":117,"column":11},"end":{"line":136,"column":3}},"line":117},"11":{"name":"(anonymous_11)","decl":{"start":{"line":138,"column":2},"end":{"line":138,"column":3}},"loc":{"start":{"line":138,"column":11},"end":{"line":150,"column":3}},"line":138}},"branchMap":{"0":{"loc":{"start":{"line":8,"column":10},"end":{"line":8,"column":19}},"type":"default-arg","locations":[{"start":{"line":8,"column":17},"end":{"line":8,"column":19}}],"line":8},"1":{"loc":{"start":{"line":23,"column":42},"end":{"line":23,"column":66}},"type":"cond-expr","locations":[{"start":{"line":23,"column":56},"end":{"line":23,"column":62}},{"start":{"line":23,"column":65},"end":{"line":23,"column":66}}],"line":23},"2":{"loc":{"start":{"line":30,"column":4},"end":{"line":36,"column":5}},"type":"if","locations":[{"start":{"line":30,"column":4},"end":{"line":36,"column":5}},{"start":{"line":30,"column":4},"end":{"line":36,"column":5}}],"line":30},"3":{"loc":{"start":{"line":44,"column":4},"end":{"line":44,"column":77}},"type":"if","locations":[{"start":{"line":44,"column":4},"end":{"line":44,"column":77}},{"start":{"line":44,"column":4},"end":{"line":44,"column":77}}],"line":44},"4":{"loc":{"start":{"line":45,"column":4},"end":{"line":46,"column":13}},"type":"if","locations":[{"start":{"line":45,"column":4},"end":{"line":46,"column":13}},{"start":{"line":45,"column":4},"end":{"line":46,"column":13}}],"line":45},"5":{"loc":{"start":{"line":45,"column":8},"end":{"line":45,"column":79}},"type":"binary-expr","locations":[{"start":{"line":45,"column":8},"end":{"line":45,"column":23}},{"start":{"line":45,"column":27},"end":{"line":45,"column":46}},{"start":{"line":45,"column":50},"end":{"line":45,"column":79}}],"line":45},"6":{"loc":{"start":{"line":51,"column":4},"end":{"line":51,"column":75}},"type":"if","locations":[{"start":{"line":51,"column":4},"end":{"line":51,"column":75}},{"start":{"line":51,"column":4},"end":{"line":51,"column":75}}],"line":51},"7":{"loc":{"start":{"line":52,"column":4},"end":{"line":52,"column":51}},"type":"if","locations":[{"start":{"line":52,"column":4},"end":{"line":52,"column":51}},{"start":{"line":52,"column":4},"end":{"line":52,"column":51}}],"line":52},"8":{"loc":{"start":{"line":92,"column":12},"end":{"line":92,"column":25}},"type":"default-arg","locations":[{"start":{"line":92,"column":23},"end":{"line":92,"column":25}}],"line":92},"9":{"loc":{"start":{"line":93,"column":18},"end":{"line":93,"column":28}},"type":"default-arg","locations":[{"start":{"line":93,"column":26},"end":{"line":93,"column":28}}],"line":93},"10":{"loc":{"start":{"line":97,"column":22},"end":{"line":97,"column":73}},"type":"cond-expr","locations":[{"start":{"line":97,"column":42},"end":{"line":97,"column":57}},{"start":{"line":97,"column":60},"end":{"line":97,"column":73}}],"line":97},"11":{"loc":{"start":{"line":107,"column":12},"end":{"line":111,"column":20}},"type":"cond-expr","locations":[{"start":{"line":108,"column":14},"end":{"line":110,"column":20}},{"start":{"line":111,"column":16},"end":{"line":111,"column":20}}],"line":107},"12":{"loc":{"start":{"line":118,"column":12},"end":{"line":118,"column":25}},"type":"default-arg","locations":[{"start":{"line":118,"column":23},"end":{"line":118,"column":25}}],"line":118},"13":{"loc":{"start":{"line":119,"column":18},"end":{"line":119,"column":28}},"type":"default-arg","locations":[{"start":{"line":119,"column":26},"end":{"line":119,"column":28}}],"line":119},"14":{"loc":{"start":{"line":139,"column":12},"end":{"line":139,"column":25}},"type":"default-arg","locations":[{"start":{"line":139,"column":23},"end":{"line":139,"column":25}}],"line":139},"15":{"loc":{"start":{"line":142,"column":33},"end":{"line":142,"column":45}},"type":"binary-expr","locations":[{"start":{"line":142,"column":33},"end":{"line":142,"column":38}},{"start":{"line":142,"column":42},"end":{"line":142,"column":45}}],"line":142}},"s":{"0":0,"1":0,"2":0,"3":0,"4":0,"5":0,"6":0,"7":0,"8":0,"9":0,"10":0,"11":0,"12":0,"13":0,"14":0,"15":0,"16":0,"17":0,"18":0,"19":0,"20":0,"21":0,"22":0,"23":0,"24":0,"25":0,"26":0,"27":0,"28":0,"29":0,"30":0,"31":0,"32":0,"33":0,"34":0,"35":0,"36":0,"37":0,"38":0,"39":0,"40":0,"41":0,"42":0,"43":0,"44":0,"45":0,"46":0,"47":0,"48":0,"49":0,"50":0,"51":0,"52":0,"53":0,"54":0,"55":0,"56":0,"57":0,"58":0,"59":0,"60":0},"f":{"0":0,"1":0,"2":0,"3":0,"4":0,"5":0,"6":0,"7":0,"8":0,"9":0,"10":0,"11":0},"b":{"0":[0],"1":[0,0],"2":[0,0],"3":[0,0],"4":[0,0],"5":[0,0,0],"6":[0,0],"7":[0,0],"8":[0],"9":[0],"10":[0,0],"11":[0,0],"12":[0],"13":[0],"14":[0],"15":[0,0]},"_coverageSchema":"332fd63041d2c1bcb487cc26dd0d5f7d97098a6c","hash":"5b1d1c0675a4e6d38d1cd8e4b191e17f144a0b5d"}
}
