TN:
SF:/Users/kirillstyopkin/proj/chartify/assetsTransformer.js
FNF:0
FNH:0
DA:1,1
DA:3,1
DA:5,0
LF:3
LH:2
BRF:0
BRH:0
end_of_record
TN:
SF:/Users/kirillstyopkin/proj/chartify/src/Chartify.js
FN:15,(anonymous_0)
FN:33,(anonymous_1)
FN:54,(anonymous_2)
FN:60,(anonymous_3)
FN:72,(anonymous_4)
FN:78,(anonymous_5)
FN:92,(anonymous_6)
FN:106,(anonymous_7)
FN:121,(anonymous_8)
FN:127,(anonymous_9)
FN:131,(anonymous_10)
FN:143,(anonymous_11)
FN:147,(anonymous_12)
FN:154,(anonymous_13)
FNF:14
FNH:6
FNDA:0,(anonymous_0)
FNDA:0,(anonymous_1)
FNDA:0,(anonymous_2)
FNDA:0,(anonymous_3)
FNDA:0,(anonymous_4)
FNDA:0,(anonymous_5)
FNDA:0,(anonymous_6)
FNDA:0,(anonymous_7)
FNDA:2,(anonymous_8)
FNDA:2,(anonymous_9)
FNDA:20,(anonymous_10)
FNDA:2,(anonymous_11)
FNDA:2,(anonymous_12)
FNDA:20,(anonymous_13)
DA:16,0
DA:24,0
DA:26,0
DA:28,0
DA:29,0
DA:31,0
DA:34,0
DA:37,0
DA:39,0
DA:42,0
DA:55,0
DA:56,0
DA:57,1
DA:61,1
DA:63,1
DA:73,1
DA:79,10
DA:80,1
DA:84,10
DA:93,1
DA:97,0
DA:107,0
DA:108,0
DA:109,0
DA:110,0
DA:111,0
DA:113,0
DA:122,1
DA:123,1
DA:124,1
DA:128,1
DA:132,10
DA:144,1
DA:145,1
DA:147,1
DA:148,1
DA:150,1
DA:152,1
DA:155,10
DA:160,1
DA:162,1
LF:41
LH:22
BRDA:19,0,0,0
BRDA:20,1,0,0
BRDA:21,2,0,0
BRDA:22,3,0,0
BRDA:23,4,0,0
BRDA:29,5,0,0
BRDA:29,5,1,0
BRDA:34,6,0,0
BRDA:34,6,1,0
BRDA:39,7,0,0
BRDA:39,7,1,0
BRDA:44,8,0,0
BRDA:44,8,1,0
BRDA:45,9,0,0
BRDA:45,9,1,0
BRDA:55,10,0,0
BRDA:55,10,1,0
BRDA:56,11,0,0
BRDA:56,11,1,0
BRDA:57,12,0,0
BRDA:57,12,1,0
BRDA:61,13,0,0
BRDA:61,14,0,0
BRDA:61,15,0,0
BRDA:67,16,0,0
BRDA:67,16,1,0
BRDA:68,17,0,0
BRDA:68,17,1,0
BRDA:73,18,0,0
BRDA:73,18,1,0
BRDA:73,19,0,0
BRDA:73,19,1,0
BRDA:80,20,0,0
BRDA:80,20,1,0
BRDA:86,21,0,0
BRDA:86,21,1,0
BRDA:94,22,0,0
BRDA:94,22,1,0
BRDA:107,23,0,0
BRDA:123,24,0,2
BRDA:123,24,1,0
BRDA:134,25,0,6
BRDA:134,25,1,14
BRDA:144,26,0,0
BRDA:145,27,0,0
BRDA:145,28,0,0
BRF:46
BRH:3
end_of_record
TN:
SF:/Users/kirillstyopkin/proj/chartify/src/Draggable.js
FN:7,(anonymous_0)
FN:26,(anonymous_1)
FN:41,(anonymous_2)
FN:60,(anonymous_3)
FN:64,(anonymous_4)
FN:68,(anonymous_5)
FN:82,(anonymous_6)
FN:91,(anonymous_7)
FN:96,(anonymous_8)
FN:106,(anonymous_9)
FN:117,(anonymous_10)
FN:138,(anonymous_11)
FNF:12
FNH:0
FNDA:0,(anonymous_0)
FNDA:0,(anonymous_1)
FNDA:0,(anonymous_2)
FNDA:0,(anonymous_3)
FNDA:0,(anonymous_4)
FNDA:0,(anonymous_5)
FNDA:0,(anonymous_6)
FNDA:0,(anonymous_7)
FNDA:0,(anonymous_8)
FNDA:0,(anonymous_9)
FNDA:0,(anonymous_10)
FNDA:0,(anonymous_11)
DA:8,0
DA:9,0
DA:11,0
DA:17,0
DA:19,0
DA:21,0
DA:22,0
DA:23,0
DA:27,0
DA:28,0
DA:30,0
DA:31,0
DA:33,0
DA:34,0
DA:35,0
DA:38,0
DA:42,0
DA:44,0
DA:45,0
DA:46,0
DA:48,0
DA:49,0
DA:51,0
DA:52,0
DA:54,0
DA:55,0
DA:56,0
DA:57,0
DA:61,0
DA:65,0
DA:66,0
DA:68,0
DA:69,0
DA:71,0
DA:83,0
DA:92,0
DA:93,0
DA:94,0
DA:96,0
DA:97,0
DA:100,0
DA:101,0
DA:103,0
DA:107,0
DA:118,0
DA:119,0
DA:121,0
DA:122,0
DA:124,0
DA:126,0
DA:127,0
DA:128,0
DA:130,0
DA:139,0
DA:140,0
DA:141,0
DA:142,0
DA:144,0
LF:58
LH:0
BRDA:8,0,0,0
BRDA:23,1,0,0
BRDA:23,1,1,0
BRDA:30,2,0,0
BRDA:30,2,1,0
BRDA:44,3,0,0
BRDA:44,3,1,0
BRDA:45,4,0,0
BRDA:45,4,1,0
BRDA:45,5,0,0
BRDA:45,5,1,0
BRDA:45,5,2,0
BRDA:51,6,0,0
BRDA:51,6,1,0
BRDA:52,7,0,0
BRDA:52,7,1,0
BRDA:92,8,0,0
BRDA:93,9,0,0
BRDA:97,10,0,0
BRDA:97,10,1,0
BRDA:107,11,0,0
BRDA:107,11,1,0
BRDA:118,12,0,0
BRDA:119,13,0,0
BRDA:139,14,0,0
BRDA:142,15,0,0
BRDA:142,15,1,0
BRF:27
BRH:0
end_of_record
